<?xml version="1.0" encoding="UTF-8"?>
<!-- Generated by org.testng.reporters.JUnitXMLReporter -->
<testsuite ignored="0" hostname="DESKTOP-6MLLQVA" failures="0" tests="4" name="Default test" time="10.484" errors="0" timestamp="2022-07-20T21:32:57 IST">
  <testcase classname="TestCases.Test1" name="tc1" time="3.047"/>
  <testcase classname="TestCases.Test1" name="tc2" time="1.956"/>
  <testcase classname="TestCases.Test1" name="tc3" time="0.632"/>
  <testcase classname="TestCases.Test1" name="tc4" time="0.363"/>
</testsuite> <!-- Default test -->
