<?xml version="1.0" encoding="UTF-8"?>
<!-- Generated by org.testng.reporters.JUnitXMLReporter -->
<testsuite ignored="0" hostname="DESKTOP-6MLLQVA" failures="0" tests="4" name="Default test" time="15.189" errors="0" timestamp="2022-07-20T20:45:21 IST">
  <testcase classname="TestCases.Test1" name="tc1" time="0.993"/>
  <testcase classname="TestCases.Test1" name="tc2" time="0.978"/>
  <testcase classname="TestCases.Test1" name="tc3" time="0.622"/>
  <testcase classname="TestCases.Test1" name="tc4" time="0.351"/>
</testsuite> <!-- Default test -->
