<?xml version="1.0" encoding="UTF-8"?>
<testng-results ignored="0" total="4" passed="4" failed="0" skipped="0">
  <reporter-output>
  </reporter-output>
  <suite started-at="2022-07-20T20:45:06 IST" name="Default suite" finished-at="2022-07-20T20:45:21 IST" duration-ms="15189">
    <groups>
    </groups>
    <test started-at="2022-07-20T20:45:06 IST" name="Default test" finished-at="2022-07-20T20:45:21 IST" duration-ms="15189">
      <class name="TestCases.Test1">
        <test-method is-config="true" signature="beforeClass()[pri:0, instance:TestCases.Test1@e1de817]" started-at="2022-07-20T20:45:06 IST" name="beforeClass" finished-at="2022-07-20T20:45:18 IST" duration-ms="12226" status="PASS">
          <reporter-output>
          </reporter-output>
        </test-method> <!-- beforeClass -->
        <test-method signature="tc1()[pri:0, instance:TestCases.Test1@e1de817]" started-at="2022-07-20T20:45:18 IST" name="tc1" finished-at="2022-07-20T20:45:19 IST" duration-ms="993" status="PASS">
          <reporter-output>
          </reporter-output>
        </test-method> <!-- tc1 -->
        <test-method signature="tc2()[pri:0, instance:TestCases.Test1@e1de817]" started-at="2022-07-20T20:45:19 IST" name="tc2" finished-at="2022-07-20T20:45:20 IST" duration-ms="978" status="PASS">
          <reporter-output>
          </reporter-output>
        </test-method> <!-- tc2 -->
        <test-method signature="tc3()[pri:0, instance:TestCases.Test1@e1de817]" started-at="2022-07-20T20:45:20 IST" name="tc3" finished-at="2022-07-20T20:45:20 IST" duration-ms="622" status="PASS">
          <reporter-output>
          </reporter-output>
        </test-method> <!-- tc3 -->
        <test-method signature="tc4()[pri:0, instance:TestCases.Test1@e1de817]" started-at="2022-07-20T20:45:20 IST" name="tc4" finished-at="2022-07-20T20:45:21 IST" duration-ms="351" status="PASS">
          <reporter-output>
          </reporter-output>
        </test-method> <!-- tc4 -->
      </class> <!-- TestCases.Test1 -->
    </test> <!-- Default test -->
  </suite> <!-- Default suite -->
</testng-results>
